<?xml version="1.0" encoding="UTF-8"?>
<robot generator="Robot 4.1.3 (Python 3.10.2 on win32)" generated="20220303 11:24:10.303" rpa="false" schemaversion="2">
<suite id="s1" name="Tests" source="C:\Users\Jennifer Toivanen\PycharmProjects\extraOvningar\Tests">
<suite id="s1-s1" name="Webtest" source="C:\Users\Jennifer Toivanen\PycharmProjects\extraOvningar\Tests\webtest.robot">
<test id="s1-s1-t1" name="User Can Access Website">
<kw name="Open Browser" library="SeleniumLibrary">
<arg>about:blank</arg>
<arg>chrome</arg>
<doc>Opens a new browser instance to the optional ``url``.</doc>
<msg timestamp="20220303 11:24:10.708" level="INFO">Opening browser 'chrome' to base url 'about:blank'.</msg>
<status status="PASS" starttime="20220303 11:24:10.708" endtime="20220303 11:24:12.253"/>
</kw>
<kw name="Go To" library="SeleniumLibrary">
<arg>https://www.mediamarket.se</arg>
<doc>Navigates the current browser window to the provided ``url``.</doc>
<msg timestamp="20220303 11:24:12.255" level="INFO">Opening url 'https://www.mediamarket.se'</msg>
<status status="PASS" starttime="20220303 11:24:12.255" endtime="20220303 11:24:13.142"/>
</kw>
<kw name="Wait Until Page Contains" library="SeleniumLibrary">
<arg>Om MediaMarket</arg>
<doc>Waits until ``text`` appears on the current page.</doc>
<msg timestamp="20220303 11:24:18.317" level="INFO" html="true">&lt;/td&gt;&lt;/tr&gt;&lt;tr&gt;&lt;td colspan="3"&gt;&lt;a href="selenium-screenshot-6.png"&gt;&lt;img src="selenium-screenshot-6.png" width="800px"&gt;&lt;/a&gt;</msg>
<msg timestamp="20220303 11:24:18.319" level="FAIL">Text 'Om MediaMarket' did not appear in 5 seconds.</msg>
<status status="FAIL" starttime="20220303 11:24:13.146" endtime="20220303 11:24:18.319"/>
</kw>
<kw name="Close Browser" library="SeleniumLibrary">
<doc>Closes the current browser.</doc>
<status status="NOT RUN" starttime="20220303 11:24:18.319" endtime="20220303 11:24:18.319"/>
</kw>
<doc>Info</doc>
<tag>Test 1</tag>
<status status="FAIL" starttime="20220303 11:24:10.707" endtime="20220303 11:24:18.319">Text 'Om MediaMarket' did not appear in 5 seconds.</status>
</test>
<status status="FAIL" starttime="20220303 11:24:10.355" endtime="20220303 11:24:18.319"/>
</suite>
<status status="FAIL" starttime="20220303 11:24:10.305" endtime="20220303 11:24:18.325"/>
</suite>
<statistics>
<total>
<stat pass="0" fail="1" skip="0">All Tests</stat>
</total>
<tag>
<stat pass="0" fail="1" skip="0">Test 1</stat>
</tag>
<suite>
<stat pass="0" fail="1" skip="0" id="s1" name="Tests">Tests</stat>
<stat pass="0" fail="1" skip="0" id="s1-s1" name="Webtest">Tests.Webtest</stat>
</suite>
</statistics>
<errors>
</errors>
</robot>
